<?xml version="1.0" encoding="UTF-8"?>
<!-- Generated by org.testng.reporters.JUnitReportReporter -->
<testsuite hostname="DESKTOP-72M7BDB" failures="0" tests="1" name="com.maven.testCases.TC1_LoginTest_001" time="14.358" errors="0" timestamp="25 Feb 2021 20:35:44 GMT" skipped="0">
  <testcase classname="com.maven.testCases.TC1_LoginTest_001" name="login" time="14.358"/>
</testsuite> <!-- com.maven.testCases.TC1_LoginTest_001 -->
