<?xml version="1.0" encoding="UTF-8"?>
<!-- Generated by org.testng.reporters.JUnitReportReporter -->
<testsuite hostname="DESKTOP-72M7BDB" failures="0" tests="3" name="dataprovider.excel.dataprovider" time="0.014" errors="0" timestamp="2021-03-19T23:32:26 IST" skipped="0">
  <testcase classname="dataprovider.excel.dataprovider" name="testcasedata" time="0.003"/>
  <system-out/>
  <testcase classname="dataprovider.excel.dataprovider" name="testcasedata" time="0.002"/>
  <system-out/>
  <testcase classname="dataprovider.excel.dataprovider" name="testcasedata" time="0.009"/>
  <system-out/>
</testsuite> <!-- dataprovider.excel.dataprovider -->
