<?xml version="1.0" encoding="UTF-8"?>
<!-- Generated by org.testng.reporters.JUnitReportReporter -->
<testsuite hostname="DESKTOP-72M7BDB" failures="0" tests="1" name="dataprovider.excel.Excel" time="0.771" errors="0" timestamp="2021-03-19T22:46:58 IST" skipped="0">
  <testcase classname="dataprovider.excel.Excel" name="getExcel" time="0.771"/>
  <system-out/>
</testsuite> <!-- dataprovider.excel.Excel -->
