<?xml version="1.0" encoding="UTF-8"?>
<!-- Generated by org.testng.reporters.JUnitReportReporter -->
<testsuite hostname="DESKTOP-72M7BDB" failures="0" tests="1" name="utils.demo" time="0.011" errors="0" timestamp="23 Feb 2021 07:53:24 GMT" skipped="0">
  <testcase classname="utils.demo" name="m1" time="0.011"/>
</testsuite> <!-- utils.demo -->
