<?xml version="1.0" encoding="UTF-8"?>
<!-- Generated by org.testng.reporters.JUnitReportReporter -->
<testsuite hostname="DESKTOP-72M7BDB" failures="0" tests="1" name="com.mystore.testcases.searchResultPageTest" time="31.342" errors="0" timestamp="2021-05-05T22:29:47 IST" skipped="0">
  <testcase classname="com.mystore.testcases.searchResultPageTest" name="productAvailibilityTest" time="31.342"/>
  <system-out/>
</testsuite> <!-- com.mystore.testcases.searchResultPageTest -->
