<?xml version="1.0" encoding="UTF-8"?>
<!-- Generated by org.testng.reporters.JUnitReportReporter -->
<testsuite hostname="DESKTOP-72M7BDB" failures="0" tests="1" name="com.mystore.testcases.AccountCreationPageTest" time="43.873" errors="0" timestamp="2021-05-05T22:41:34 IST" skipped="0">
  <testcase classname="com.mystore.testcases.AccountCreationPageTest" name="verifyAccountCreatePageTest" time="43.873"/>
  <system-out/>
</testsuite> <!-- com.mystore.testcases.AccountCreationPageTest -->
