<?xml version="1.0" encoding="UTF-8"?>
<!-- Generated by org.testng.reporters.JUnitReportReporter -->
<testsuite hostname="DESKTOP-72M7BDB" failures="0" tests="5" name="com.test.TestngDemo" time="14.165" errors="0" timestamp="2021-05-18T23:17:31 IST" skipped="1">
  <testcase classname="com.test.TestngDemo" name="testcase1" time="0.108"/>
  <system-out/>
  <testcase classname="com.test.TestngDemo" name="testcase2" time="14.042"/>
  <system-out/>
  <testcase classname="com.test.TestngDemo" name="testcase3" time="0.008"/>
  <system-out/>
  <testcase classname="com.test.TestngDemo" name="testcase4" time="0.007"/>
  <system-out/>
  <testcase classname="com.test.TestngDemo" name="testcase5">
    <skipped/>
  </testcase> <!-- testcase5 -->
  <system-out/>
</testsuite> <!-- com.test.TestngDemo -->
