<?xml version="1.0" encoding="UTF-8"?>
<!-- Generated by org.testng.reporters.JUnitReportReporter -->
<testsuite hostname="DESKTOP-72M7BDB" failures="0" tests="3" name="learnjava.TestngDemo" time="0.022" errors="0" timestamp="20 Feb 2021 15:07:17 GMT">
  <testcase classname="learnjava.TestngDemo" name="Logout" time="0.002"/>
  <testcase classname="learnjava.TestngDemo" name="openURL" time="0.002"/>
  <testcase classname="learnjava.TestngDemo" name="Login" time="0.018"/>
</testsuite> <!-- learnjava.TestngDemo -->
