<?xml version="1.0" encoding="UTF-8"?>
<!-- Generated by org.testng.reporters.JUnitReportReporter -->
<testsuite hostname="DESKTOP-72M7BDB" failures="0" tests="1" name="Testng.Testng" time="0.017" errors="0" timestamp="20 Feb 2021 15:08:40 GMT">
  <testcase classname="Testng.Testng" name="openURL" time="0.017"/>
</testsuite> <!-- Testng.Testng -->
