<?xml version="1.0" encoding="UTF-8"?>
<!-- Generated by org.testng.reporters.JUnitReportReporter -->
<testsuite hostname="DESKTOP-72M7BDB" failures="0" tests="1" name="learnjava.test" time="0.012" errors="0" timestamp="13 Feb 2021 07:15:54 GMT">
  <testcase classname="learnjava.test" name="info" time="0.012"/>
</testsuite> <!-- learnjava.test -->
