<?xml version="1.0" encoding="UTF-8"?>
<!-- Generated by org.testng.reporters.JUnitReportReporter -->
<testsuite hostname="DESKTOP-72M7BDB" failures="0" tests="4" name="learnjava.TestDemo" time="0.048" errors="0" timestamp="20 Feb 2021 15:01:31 GMT">
  <testcase classname="learnjava.TestDemo" name="testDiv" time="0.005"/>
  <testcase classname="learnjava.TestDemo" name="testMul" time="0.006"/>
  <testcase classname="learnjava.TestDemo" name="testSub" time="0.003"/>
  <testcase classname="learnjava.TestDemo" name="testAdd" time="0.034"/>
</testsuite> <!-- learnjava.TestDemo -->
