<?xml version="1.0" encoding="UTF-8"?>
<!-- Generated by org.testng.reporters.JUnitReportReporter -->
<testsuite hostname="DESKTOP-72M7BDB" failures="0" tests="2" name="com.Test.TestCase1" time="0.011" errors="0" timestamp="2021-04-07T23:17:30 IST" skipped="0">
  <testcase classname="com.Test.TestCase1" name="testcase2" time="0.005"/>
  <system-out/>
  <testcase classname="com.Test.TestCase1" name="testCase1" time="0.006"/>
  <system-out/>
</testsuite> <!-- com.Test.TestCase1 -->
