<?xml version="1.0" encoding="UTF-8"?>
<!-- Generated by org.testng.reporters.JUnitReportReporter -->
<testsuite hostname="DESKTOP-72M7BDB" failures="0" tests="1" name="com.testcases.ReadExcelSheet" time="0.827" errors="0" timestamp="2021-04-09T15:39:20 IST" skipped="0">
  <testcase classname="com.testcases.ReadExcelSheet" name="ReadExcel" time="0.827"/>
  <system-out/>
</testsuite> <!-- com.testcases.ReadExcelSheet -->
