<?xml version="1.0" encoding="UTF-8"?>
<!-- Generated by org.testng.reporters.JUnitReportReporter -->
<testsuite hostname="DESKTOP-72M7BDB" failures="0" tests="1" name="com.readExcel.ReadExcel" time="0.875" errors="0" timestamp="2021-04-09T15:34:38 IST" skipped="0">
  <testcase classname="com.readExcel.ReadExcel" name="readExcel" time="0.875"/>
  <system-out/>
</testsuite> <!-- com.readExcel.ReadExcel -->
