<?xml version="1.0" encoding="UTF-8"?>
<!-- Generated by org.testng.reporters.JUnitReportReporter -->
<testsuite hostname="DESKTOP-72M7BDB" failures="0" tests="2" name="com.WriteTestcases.WriteExcelTest" time="1.176" errors="0" timestamp="2021-04-11T13:55:15 IST" skipped="0">
  <testcase classname="com.WriteTestcases.WriteExcelTest" name="writeExcelTest" time="1.069"/>
  <system-out/>
  <testcase classname="com.WriteTestcases.WriteExcelTest" name="writeExcelTest1" time="0.107"/>
  <system-out/>
</testsuite> <!-- com.WriteTestcases.WriteExcelTest -->
