<?xml version="1.0" encoding="UTF-8"?>
<!-- Generated by org.testng.reporters.JUnitReportReporter -->
<testsuite hostname="DESKTOP-72M7BDB" failures="0" tests="5" name="com.WriteTestcases.ExcelTest" time="0.454" errors="0" timestamp="2021-04-11T18:04:05 IST" skipped="0">
  <testcase classname="com.WriteTestcases.ExcelTest" name="testcase1" time="0.012"/>
  <system-out/>
  <testcase classname="com.WriteTestcases.ExcelTest" name="testcase2" time="0.031"/>
  <system-out/>
  <testcase classname="com.WriteTestcases.ExcelTest" name="testcase3" time="0.003"/>
  <system-out/>
  <testcase classname="com.WriteTestcases.ExcelTest" name="testcase4" time="0.406"/>
  <system-out/>
  <testcase classname="com.WriteTestcases.ExcelTest" name="testcase5" time="0.002"/>
  <system-out/>
</testsuite> <!-- com.WriteTestcases.ExcelTest -->
