<?xml version="1.0" encoding="UTF-8"?>
<!-- Generated by org.testng.reporters.JUnitReportReporter -->
<testsuite hostname="DESKTOP-72M7BDB" failures="0" tests="1" name="com.WriteExcel.ReadExcel" time="0.809" errors="0" timestamp="2021-04-11T13:55:38 IST" skipped="0">
  <testcase classname="com.WriteExcel.ReadExcel" name="readExcel" time="0.809"/>
  <system-out/>
</testsuite> <!-- com.WriteExcel.ReadExcel -->
