<?xml version="1.0" encoding="UTF-8"?>
<!-- Generated by org.testng.reporters.JUnitReportReporter -->
<testsuite hostname="DESKTOP-72M7BDB" failures="0" tests="1" name="test.Verifysoftassert" time="19.389" errors="0" timestamp="19 Feb 2021 10:00:04 GMT">
  <testcase classname="test.Verifysoftassert" name="verify" time="19.389"/>
</testsuite> <!-- test.Verifysoftassert -->
