<?xml version="1.0" encoding="UTF-8"?>
<!-- Generated by org.testng.reporters.JUnitReportReporter -->
<testsuite hostname="DESKTOP-72M7BDB" failures="0" tests="3" name="yeyye.jjdjjd" time="0.021" errors="0" timestamp="20 Feb 2021 14:55:47 GMT">
  <testcase classname="yeyye.jjdjjd" name="test1" time="0.004"/>
  <testcase classname="yeyye.jjdjjd" name="test" time="0.015"/>
  <testcase classname="yeyye.jjdjjd" name="logout" time="0.002"/>
</testsuite> <!-- yeyye.jjdjjd -->
