<?xml version="1.0" encoding="UTF-8"?>
<!-- Generated by org.testng.reporters.JUnitReportReporter -->
<testsuite hostname="DESKTOP-72M7BDB" failures="0" tests="4" name="test.Grouptestdemo" time="0.018" errors="0" timestamp="20 Feb 2021 14:51:07 GMT">
  <testcase classname="test.Grouptestdemo" name="test3" time="0.011"/>
  <testcase classname="test.Grouptestdemo" name="test4" time="0.002"/>
  <testcase classname="test.Grouptestdemo" name="test1" time="0.002"/>
  <testcase classname="test.Grouptestdemo" name="test2" time="0.003"/>
</testsuite> <!-- test.Grouptestdemo -->
