<?xml version="1.0" encoding="UTF-8"?>
<!-- Generated by org.testng.reporters.JUnitReportReporter -->
<testsuite hostname="DESKTOP-72M7BDB" failures="0" tests="3" name="test.Testng" time="0.016" errors="0" timestamp="20 Feb 2021 14:44:21 GMT">
  <testcase classname="test.Testng" name="test" time="0.006"/>
  <testcase classname="test.Testng" name="test1" time="0.004"/>
  <testcase classname="test.Testng" name="logout" time="0.006"/>
</testsuite> <!-- test.Testng -->
