<?xml version="1.0" encoding="UTF-8"?>
<!-- Generated by org.testng.reporters.JUnitReportReporter -->
<testsuite hostname="DESKTOP-72M7BDB" failures="0" tests="3" name="ui.Testng" time="0.018" errors="0" timestamp="20 Feb 2021 14:59:52 GMT">
  <testcase classname="ui.Testng" name="openURL" time="0.002"/>
  <testcase classname="ui.Testng" name="Login" time="0.013"/>
  <testcase classname="ui.Testng" name="Logout" time="0.003"/>
</testsuite> <!-- ui.Testng -->
