<?xml version="1.0" encoding="UTF-8"?>
<!-- Generated by org.testng.reporters.JUnitReportReporter -->
<testsuite hostname="DESKTOP-72M7BDB" failures="0" tests="1" name="com.DatePicker.HandelDatePicker" time="10.028" errors="0" timestamp="2021-04-07T00:00:19 IST" skipped="0">
  <testcase classname="com.DatePicker.HandelDatePicker" name="datepicker" time="10.028"/>
  <system-out/>
</testsuite> <!-- com.DatePicker.HandelDatePicker -->
