<?xml version="1.0" encoding="UTF-8"?>
<!-- Generated by org.testng.reporters.JUnitReportReporter -->
<testsuite hostname="DESKTOP-72M7BDB" failures="0" tests="4" name="practice1.WebTabeDemo" time="34.369" errors="0" timestamp="2021-04-08T22:29:57 IST" skipped="0">
  <testcase classname="practice1.WebTabeDemo" name="getcellvalueBycustomeMethod" time="10.722"/>
  <system-out/>
  <testcase classname="practice1.WebTabeDemo" name="getcelldatadynamictable" time="7.032"/>
  <system-out/>
  <testcase classname="practice1.WebTabeDemo" name="getAllTableData" time="9.407"/>
  <system-out/>
  <testcase classname="practice1.WebTabeDemo" name="getperticularcol" time="7.208"/>
  <system-out/>
</testsuite> <!-- practice1.WebTabeDemo -->
