<?xml version="1.0" encoding="UTF-8"?>
<!-- Generated by org.testng.reporters.JUnitReportReporter -->
<testsuite hostname="DESKTOP-72M7BDB" failures="0" tests="1" name="com.DatePicker.DatePickerByJs" time="10.578" errors="0" timestamp="2021-04-07T00:19:39 IST" skipped="0">
  <testcase classname="com.DatePicker.DatePickerByJs" name="Datepickertestbyjs" time="10.578"/>
  <system-out/>
</testsuite> <!-- com.DatePicker.DatePickerByJs -->
