<?xml version="1.0" encoding="UTF-8"?>
<!-- Generated by org.testng.reporters.JUnitReportReporter -->
<testsuite hostname="DESKTOP-72M7BDB" failures="0" tests="6" name="practice1.Practice3" time="45.217" errors="0" timestamp="2021-04-07T13:15:38 IST" skipped="0">
  <testcase classname="practice1.Practice3" name="getheaderofTable" time="9.168"/>
  <system-out/>
  <testcase classname="practice1.Practice3" name="getCount" time="5.833"/>
  <system-out/>
  <testcase classname="practice1.Practice3" name="getemployeename" time="7.791"/>
  <system-out/>
  <testcase classname="practice1.Practice3" name="getAge" time="9.531"/>
  <system-out/>
  <testcase classname="practice1.Practice3" name="printlastrow" time="8.217"/>
  <system-out/>
  <testcase classname="practice1.Practice3" name="getcelldata" time="4.677"/>
  <system-out/>
</testsuite> <!-- practice1.Practice3 -->
