<?xml version="1.0" encoding="UTF-8"?>
<!-- Generated by org.testng.reporters.JUnitReportReporter -->
<testsuite hostname="DESKTOP-72M7BDB" failures="0" tests="1" name="com.mystore.base.BaseClass" time="47.604" errors="0" timestamp="2021-04-20T21:19:33 IST" skipped="0">
  <testcase classname="com.mystore.base.BaseClass" name="launchApp" time="47.604"/>
  <system-out/>
</testsuite> <!-- com.mystore.base.BaseClass -->
