<?xml version="1.0" encoding="UTF-8"?>
<!-- Generated by org.testng.reporters.JUnitReportReporter -->
<testsuite hostname="DESKTOP-72M7BDB" failures="0" tests="2" name="com.mystore.testcases.IndexPageTest" time="81.710" errors="0" timestamp="2021-05-18T12:55:05 IST" skipped="0">
  <testcase classname="com.mystore.testcases.IndexPageTest" name="verifyLogo" time="51.065"/>
  <system-out/>
  <testcase classname="com.mystore.testcases.IndexPageTest" name="verifyTitle" time="30.645"/>
  <system-out/>
</testsuite> <!-- com.mystore.testcases.IndexPageTest -->
