<?xml version="1.0" encoding="UTF-8"?>
<!-- Generated by org.testng.reporters.JUnitReportReporter -->
<testsuite hostname="DESKTOP-72M7BDB" failures="0" tests="2" name="Test2_GET" time="4.495" errors="0" timestamp="2021-03-18T21:32:01 IST" skipped="0">
  <testcase classname="Test2_GET" name="test3_get" time="1.453"/>
  <system-out/>
  <testcase classname="Test2_GET" name="test2_get" time="3.042"/>
  <system-out/>
</testsuite> <!-- Test2_GET -->
