<?xml version="1.0" encoding="UTF-8"?>
<!-- Generated by org.testng.reporters.JUnitReportReporter -->
<testsuite hostname="DESKTOP-72M7BDB" failures="0" tests="2" name="Test1_GET" time="4.604" errors="0" timestamp="2021-03-18T20:47:52 IST" skipped="0">
  <testcase classname="Test1_GET" name="test2" time="1.593"/>
  <system-out/>
  <testcase classname="Test1_GET" name="test1_get" time="3.011"/>
  <system-out/>
</testsuite> <!-- Test1_GET -->
