<?xml version="1.0" encoding="UTF-8"?>
<!-- Generated by org.testng.reporters.JUnitReportReporter -->
<testsuite hostname="DESKTOP-72M7BDB" failures="0" tests="2" name="Tests_GET" time="6.177" errors="0" timestamp="2021-03-18T22:19:39 IST" skipped="0">
  <testcase classname="Tests_GET" name="tests2_get" time="3.934"/>
  <system-out/>
  <testcase classname="Tests_GET" name="tests_get" time="2.243"/>
  <system-out/>
</testsuite> <!-- Tests_GET -->
