<?xml version="1.0" encoding="UTF-8"?>
<!-- Generated by org.testng.reporters.JUnitReportReporter -->
<testsuite hostname="DESKTOP-72M7BDB" failures="0" tests="1" name="Test_POST" time="3.710" errors="0" timestamp="2021-03-21T13:36:08 IST" skipped="0">
  <testcase classname="Test_POST" name="test1_post" time="3.710"/>
  <system-out/>
</testsuite> <!-- Test_POST -->
