<?xml version="1.0" encoding="UTF-8"?>
<!-- Generated by org.testng.reporters.JUnitReportReporter -->
<testsuite hostname="DESKTOP-72M7BDB" failures="0" tests="1" name="Examples" time="2.154" errors="0" timestamp="2021-03-26T19:16:57 IST" skipped="0">
  <testcase classname="Examples" name="test_get" time="2.154"/>
  <system-out/>
</testsuite> <!-- Examples -->
