<?xml version="1.0" encoding="UTF-8"?>
<!-- Generated by org.testng.reporters.JUnitReportReporter -->
<testsuite hostname="DESKTOP-72M7BDB" failures="0" tests="2" name="com.orangeHRM.testcases.LoginPageTest" time="26.356" errors="0" timestamp="2021-04-11T22:51:34 IST" skipped="0">
  <testcase classname="com.orangeHRM.testcases.LoginPageTest" name="logoTest" time="10.558"/>
  <system-out/>
  <testcase classname="com.orangeHRM.testcases.LoginPageTest" name="loginTest" time="15.798"/>
  <system-out/>
</testsuite> <!-- com.orangeHRM.testcases.LoginPageTest -->
