<?xml version="1.0" encoding="UTF-8"?>
<!-- Generated by org.testng.reporters.JUnitReportReporter -->
<testsuite hostname="DESKTOP-72M7BDB" failures="0" tests="1" name="com.Test.ElementScreenShot" time="17.444" errors="0" timestamp="2021-04-04T22:37:22 IST" skipped="0">
  <testcase classname="com.Test.ElementScreenShot" name="elementScreenShot" time="17.444"/>
  <system-out/>
</testsuite> <!-- com.Test.ElementScreenShot -->
