<?xml version="1.0" encoding="UTF-8"?>
<!-- Generated by org.testng.reporters.JUnitReportReporter -->
<testsuite hostname="DESKTOP-72M7BDB" failures="0" tests="1" name="com.Test.EleementScreenShot1" time="12.394" errors="0" timestamp="2021-04-04T23:28:36 IST" skipped="0">
  <testcase classname="com.Test.EleementScreenShot1" name="elementScreenShot1" time="12.394"/>
  <system-out/>
</testsuite> <!-- com.Test.EleementScreenShot1 -->
