<?xml version="1.0" encoding="UTF-8"?>
<!-- Generated by org.testng.reporters.JUnitReportReporter -->
<testsuite hostname="DESKTOP-72M7BDB" failures="0" tests="1" name="com.unitDriver.BrowserTest.HtmlUnitDriverTest" time="8.883" errors="0" timestamp="2021-04-03T11:54:14 IST" skipped="0">
  <testcase classname="com.unitDriver.BrowserTest.HtmlUnitDriverTest" name="headlessborwsertest" time="8.883"/>
  <system-out/>
</testsuite> <!-- com.unitDriver.BrowserTest.HtmlUnitDriverTest -->
