<?xml version="1.0" encoding="UTF-8"?>
<!-- Generated by org.testng.reporters.JUnitReportReporter -->
<testsuite hostname="DESKTOP-72M7BDB" failures="0" tests="1" name="PageObjectModel.LoginTest" time="3.030" errors="0" timestamp="10 Mar 2021 17:42:19 GMT">
  <testcase classname="PageObjectModel.LoginTest" name="login" time="3.030"/>
</testsuite> <!-- PageObjectModel.LoginTest -->
