<?xml version="1.0" encoding="UTF-8"?>
<!-- Generated by org.testng.reporters.JUnitReportReporter -->
<testsuite hostname="DESKTOP-72M7BDB" failures="0" tests="1" name="TestngListnerExample.LoginTest" time="13.597" errors="0" timestamp="19 Mar 2021 14:49:33 GMT">
  <testcase classname="TestngListnerExample.LoginTest" name="LoginByEmail" time="13.597"/>
</testsuite> <!-- TestngListnerExample.LoginTest -->
