<?xml version="1.0" encoding="UTF-8"?>
<!-- Generated by org.testng.reporters.JUnitReportReporter -->
<testsuite hostname="DESKTOP-72M7BDB" failures="0" tests="3" name="Testng.Testcase" time="0.029" errors="0" timestamp="21 Feb 2021 07:56:29 GMT">
  <testcase classname="Testng.Testcase" name="Login" time="0.023"/>
  <testcase classname="Testng.Testcase" name="Logout" time="0.002"/>
  <testcase classname="Testng.Testcase" name="openURL" time="0.004"/>
</testsuite> <!-- Testng.Testcase -->
