<?xml version="1.0" encoding="UTF-8"?>
<!-- Generated by org.testng.reporters.JUnitReportReporter -->
<testsuite hostname="DESKTOP-72M7BDB" failures="0" tests="3" name="Testng.AnnitationExample1" time="0.027" errors="0" timestamp="21 Feb 2021 06:55:32 GMT">
  <testcase classname="Testng.AnnitationExample1" name="search" time="0.015"/>
  <testcase classname="Testng.AnnitationExample1" name="Advsearch" time="0.009"/>
  <testcase classname="Testng.AnnitationExample1" name="recharge" time="0.003"/>
</testsuite> <!-- Testng.AnnitationExample1 -->
