<?xml version="1.0" encoding="UTF-8"?>
<!-- Generated by org.testng.reporters.JUnitReportReporter -->
<testsuite hostname="DESKTOP-72M7BDB" failures="0" tests="3" name="reporting.TC2" time="0.053" errors="0" timestamp="4 Mar 2021 18:02:46 GMT">
  <testcase classname="reporting.TC2" name="m4" time="0.001"/>
  <testcase classname="reporting.TC2" name="m5" time="0.001"/>
  <testcase classname="reporting.TC2" name="m3" time="0.051"/>
</testsuite> <!-- reporting.TC2 -->
