<?xml version="1.0" encoding="UTF-8"?>
<!-- Generated by org.testng.reporters.JUnitReportReporter -->
<testsuite hostname="DESKTOP-72M7BDB" failures="0" tests="4" name="parameterization.CrossBrowserTest" time="20.541" errors="0" timestamp="17 Mar 2021 13:03:45 GMT">
  <testcase classname="parameterization.CrossBrowserTest" name="closeBrowser" time="0.261"/>
  <testcase classname="parameterization.CrossBrowserTest" name="launchbrowser" time="20.188"/>
  <testcase classname="parameterization.CrossBrowserTest" name="registration" time="0.006"/>
  <testcase classname="parameterization.CrossBrowserTest" name="verifyTitle" time="0.086"/>
</testsuite> <!-- parameterization.CrossBrowserTest -->
