<?xml version="1.0" encoding="UTF-8"?>
<!-- Generated by org.testng.reporters.JUnitReportReporter -->
<testsuite hostname="DESKTOP-72M7BDB" failures="0" tests="3" name="Log4jpackage.Log4jdemo" time="0.165" errors="0" timestamp="22 Feb 2021 09:18:05 GMT">
  <testcase classname="Log4jpackage.Log4jdemo" name="login" time="0.006"/>
  <testcase classname="Log4jpackage.Log4jdemo" name="setup" time="0.157"/>
  <testcase classname="Log4jpackage.Log4jdemo" name="logout" time="0.002"/>
</testsuite> <!-- Log4jpackage.Log4jdemo -->
