<?xml version="1.0" encoding="UTF-8"?>
<!-- Generated by org.testng.reporters.JUnitReportReporter -->
<testsuite hostname="DESKTOP-72M7BDB" failures="0" tests="3" name="pack1.TC2" time="0.009" errors="0" timestamp="21 Feb 2021 08:06:49 GMT">
  <testcase classname="pack1.TC2" name="m3" time="0.002"/>
  <testcase classname="pack1.TC2" name="m4" time="0.002"/>
  <testcase classname="pack1.TC2" name="m5" time="0.005"/>
</testsuite> <!-- pack1.TC2 -->
