<?xml version="1.0" encoding="UTF-8"?>
<!-- Generated by org.testng.reporters.JUnitReportReporter -->
<testsuite hostname="DESKTOP-72M7BDB" failures="0" tests="1" name="PageObjectModel.RegistrationTest" time="7.148" errors="0" timestamp="10 Mar 2021 17:43:20 GMT">
  <testcase classname="PageObjectModel.RegistrationTest" name="userRegistartion" time="7.148"/>
</testsuite> <!-- PageObjectModel.RegistrationTest -->
