<?xml version="1.0" encoding="UTF-8"?>
<!-- Generated by org.testng.reporters.JUnitReportReporter -->
<testsuite hostname="DESKTOP-72M7BDB" failures="0" tests="1" name="reporting.LoginTest" time="12.372" errors="0" timestamp="23 Feb 2021 19:19:06 GMT">
  <testcase classname="reporting.LoginTest" name="LoginByEmail" time="12.372"/>
</testsuite> <!-- reporting.LoginTest -->
