<?xml version="1.0" encoding="UTF-8"?>
<!-- Generated by org.testng.reporters.JUnitReportReporter -->
<testsuite hostname="DESKTOP-72M7BDB" failures="0" tests="2" name="pack1.Class1" time="0.007" errors="0" timestamp="21 Feb 2021 08:06:49 GMT">
  <testcase classname="pack1.Class1" name="m2" time="0.002"/>
  <testcase classname="pack1.Class1" name="m1" time="0.005"/>
</testsuite> <!-- pack1.Class1 -->
