<?xml version="1.0" encoding="UTF-8"?>
<!-- Generated by org.testng.reporters.JUnitReportReporter -->
<testsuite hostname="DESKTOP-72M7BDB" failures="0" tests="3" name="Testng.AnnotationsExample2" time="0.010" errors="0" timestamp="21 Feb 2021 07:16:46 GMT">
  <testcase classname="Testng.AnnotationsExample2" name="recharge" time="0.002"/>
  <testcase classname="Testng.AnnotationsExample2" name="Advsearch" time="0.005"/>
  <testcase classname="Testng.AnnotationsExample2" name="search" time="0.003"/>
</testsuite> <!-- Testng.AnnotationsExample2 -->
