<?xml version="1.0" encoding="UTF-8"?>
<!-- Generated by org.testng.reporters.JUnitReportReporter -->
<testsuite hostname="DESKTOP-72M7BDB" failures="0" tests="3" name="Day22.Dependencymethod" time="0.023" errors="0" timestamp="21 Feb 2021 12:37:33 GMT">
  <testcase classname="Day22.Dependencymethod" name="openURL" time="0.018"/>
  <testcase classname="Day22.Dependencymethod" name="Login" time="0.002"/>
  <testcase classname="Day22.Dependencymethod" name="Logout" time="0.003"/>
</testsuite> <!-- Day22.Dependencymethod -->
