<?xml version="1.0" encoding="UTF-8"?>
<!-- Generated by org.testng.reporters.JUnitReportReporter -->
<testsuite hostname="DESKTOP-72M7BDB" failures="0" tests="2" name="youtubeMavenProject.Testng" time="0.037" errors="0" timestamp="23 Feb 2021 06:12:41 GMT">
  <testcase classname="youtubeMavenProject.Testng" name="login" time="0.036"/>
  <testcase classname="youtubeMavenProject.Testng" name="logout" time="0.001"/>
</testsuite> <!-- youtubeMavenProject.Testng -->
